<?xml version="1.0" encoding="UTF-8"?>
<!-- Generated by org.testng.reporters.JUnitXMLReporter -->
<testsuite hostname="DESKTOP-G1BT3BH" ignored="0" name="Default test" tests="3" failures="0" timestamp="20 Sep 2017 18:49:20 GMT" time="190.751" errors="0">
  <testcase name="basePageNavigation" time="66.227" classname="amazon_DDT_test.DDT_test"/>
  <testcase name="basePageNavigation" time="50.384" classname="amazon_DDT_test.DDT_test"/>
  <testcase name="basePageNavigation" time="73.016" classname="amazon_DDT_test.DDT_test"/>
</testsuite> <!-- Default test -->
