<?xml version="1.0" encoding="UTF-8"?>
<testng-results skipped="0" failed="0" ignored="0" total="1" passed="1">
  <reporter-output>
  </reporter-output>
  <suite name="Default suite" duration-ms="24127" started-at="2017-10-04T18:47:37Z" finished-at="2017-10-04T18:48:02Z">
    <groups>
    </groups>
    <test name="Default test" duration-ms="24127" started-at="2017-10-04T18:47:37Z" finished-at="2017-10-04T18:48:02Z">
      <class name="com.amazon_DDT_test.DDT_test">
        <test-method status="PASS" signature="basePageNavigation(java.util.Map)[pri:0, instance:com.amazon_DDT_test.DDT_test@9838eb]" name="basePageNavigation" duration-ms="23149" started-at="2017-10-05T00:17:38Z" data-provider="getData" finished-at="2017-10-05T00:18:02Z">
          <params>
            <param index="0">
              <value>
                <![CDATA[{Os=Android, Username=appumuv@gmail.com, Max Price=10000.0, num=5.0, Product=Mobiles, Quantity=2.0, location=Cognizant, Min Price=5000.0, Password=Manik1591@#1}]]>
              </value>
            </param>
          </params>
          <reporter-output>
          </reporter-output>
        </test-method> <!-- basePageNavigation -->
      </class> <!-- com.amazon_DDT_test.DDT_test -->
    </test> <!-- Default test -->
  </suite> <!-- Default suite -->
</testng-results>
